T07B0 000:000.912   SEGGER J-Link V8.12f Log File
T07B0 000:001.173   DLL Compiled: Feb 12 2025 13:34:40
T07B0 000:001.186   Logging started @ 2025-09-28 01:07
T07B0 000:001.199   Process: C:\Users\tsuto\.eclipse\com.renesas.platform_1713588285\DebugComp\RA\e2-server-gdb.exe
T07B0 000:001.219 - 1.210ms 
T07B0 000:001.247 JLINK_GetDLLVersion()
T07B0 000:001.279 - 0.033ms returns 81206
T07B0 000:007.493 JLINK_OpenEx(...)
T07B0 000:027.918   Firmware: J-Link OB-RA4M2 compiled Jul  8 2025 10:15:56
T07B0 000:035.900   Firmware: J-Link OB-RA4M2 compiled Jul  8 2025 10:15:56
T07B0 000:059.405   Hardware: V1.00
T07B0 000:059.447   S/N: 1083146792
T07B0 000:059.464   OEM: SEGGER
T07B0 000:059.481   Feature(s): None
T07B0 000:067.071   Bootloader: 2021 May 14
T07B0 000:084.783   USB speed mode: Full speed (12 MBit/s)
T07B0 000:087.771   TELNET listener socket opened on port 19021
T07B0 000:088.102   WEBSRV WEBSRV_Init(): Starting webserver thread(s)
T07B0 000:088.214   WEBSRV Failed to put socket into listener state (port 19080)
T07B0 000:088.470   WEBSRV Webserver running on local port 19081
T07B0 000:088.921   Looking for J-Link GUI Server exe at: C:\Users\tsuto\.eclipse\com.renesas.platform_1713588285\DebugComp\RA\ARM\Segger_v8.12.6\JLinkGUIServer.exe
T07B0 000:089.215   Looking for J-Link GUI Server exe at: C:\Program Files\SEGGER\JLink_V852\JLinkGUIServer.exe
T07B0 000:089.339   Forking J-Link GUI Server: C:\Program Files\SEGGER\JLink_V852\JLinkGUIServer.exe
T07B0 000:104.657   J-Link GUI Server info: "J-Link GUI server V8.52 "
T07B0 000:106.364 - 98.859ms returns "O.K."
T07B0 000:106.587 JLINK_TIF_Select(JLINKARM_TIF_SWD)
T07B0 000:115.234 - 8.646ms returns 0x00
T07B0 000:115.359 JLINK_ClrRESET()
T07B0 000:142.843 - 27.482ms 
T07B0 000:193.228 JLINK_SetSpeed(1500)
T07B0 000:193.608 - 0.394ms 
T07B0 000:193.700 JLINK_CORESIGHT_Configure(PerformTIFInit=0)
T07B0 000:195.770 - 2.076ms returns 0
T07B0 000:195.895 JLINK_CORESIGHT_ReadAPDPReg(DP reg 0x00)
T07B0 000:197.084   Value=0x6BA02477
T07B0 000:197.123 - 1.230ms returns 0
T07B0 000:197.218 JLINK_CORESIGHT_WriteAPDPReg(DP reg 0x00, 0x0000001F)
T07B0 000:198.397 - 1.179ms returns 0
T07B0 000:198.495 JLINK_CORESIGHT_ReadAPDPReg(DP reg 0x00)
T07B0 000:198.911   Value=0x6BA02477
T07B0 000:198.942 - 0.447ms returns 0
T07B0 000:199.013 JLINK_CORESIGHT_WriteAPDPReg(DP reg 0x02, 0x00000000)
T07B0 000:199.371 - 0.358ms returns 0
T07B0 000:199.466 JLINK_CORESIGHT_WriteAPDPReg(DP reg 0x01, 0x50000000)
T07B0 000:199.881 - 0.414ms returns 0
T07B0 000:199.976 JLINK_CORESIGHT_ReadAPDPReg(DP reg 0x01)
T07B0 000:200.366   Value=0xF0000000
T07B0 000:200.393 - 0.417ms returns 0
T07B0 000:200.456 JLINK_CORESIGHT_WriteAPDPReg(DP reg 0x00, 0x0000001F)
T07B0 000:200.811 - 0.355ms returns 0
T07B0 000:200.900 JLINK_CORESIGHT_ReadAPDPReg(DP reg 0x00)
T07B0 000:201.261   Value=0x6BA02477
T07B0 000:201.294 - 0.394ms returns 0
T07B0 000:201.364 JLINK_CORESIGHT_WriteAPDPReg(DP reg 0x01, 0x54000000)
T07B0 000:201.765 - 0.401ms returns 0
T07B0 000:201.870 JLINK_CORESIGHT_WriteAPDPReg(DP reg 0x01, 0x50000F00)
T07B0 000:202.226 - 0.356ms returns 0
T07B0 000:202.318 JLINK_CORESIGHT_WriteAPDPReg(DP reg 0x02, 0x01000000)
T07B0 000:202.756 - 0.439ms returns 0
T07B0 000:202.831 JLINK_CORESIGHT_WriteAPDPReg(AP reg 0x00, 0x80000002)
T07B0 000:203.168 - 0.336ms returns 0
T07B0 000:203.260 JLINK_CORESIGHT_WriteAPDPReg(AP reg 0x01, 0x80011100)
T07B0 000:203.585 - 0.325ms returns 0
T07B0 000:203.674 JLINK_CORESIGHT_WriteAPDPReg(AP reg 0x03, 0x000000A5)
T07B0 000:204.002 - 0.329ms returns 0
T07B0 000:204.075 JLINK_CORESIGHT_WriteAPDPReg(AP reg 0x00, 0x80000002)
T07B0 000:204.410 - 0.335ms returns 0
T07B0 000:204.498 JLINK_CORESIGHT_WriteAPDPReg(AP reg 0x01, 0x80011100)
T07B0 000:204.877 - 0.379ms returns 0
T07B0 000:204.958 JLINK_CORESIGHT_ReadAPDPReg(AP reg 0x03)
T07B0 000:205.572   Value=0x000000A5
T07B0 000:205.619 - 0.661ms returns 0
T07B0 000:205.734 JLINK_ClrTMS()
T07B0 000:206.137 - 0.415ms 
T07B0 000:211.738 JLINK_SetTCK()
T07B0 000:212.014 - 0.275ms returns 0
T07B0 000:217.734 JLINK_SetRESET()
T07B0 000:217.974 - 0.240ms 
T07B0 000:418.839 JLINK_CORESIGHT_WriteAPDPReg(AP reg 0x00, 0x80000002)
T07B0 000:419.303 - 0.465ms returns 0
T07B0 000:419.404 JLINK_CORESIGHT_WriteAPDPReg(AP reg 0x01, 0x80011100)
T07B0 000:419.767 - 0.362ms returns 0
T07B0 000:419.838 JLINK_CORESIGHT_ReadAPDPReg(AP reg 0x03)
T07B0 000:420.246   failed
T07B0 000:420.274 - 0.436ms returns -1
T07B0 000:420.429 JLINK_ClrRESET()
T07B0 000:420.898 - 0.467ms 
T07B0 000:471.413 JLINK_SetSpeed(1500)
T07B0 000:471.803 - 0.389ms 
T07B0 000:471.911 JLINK_CORESIGHT_Configure(PerformTIFInit=0)
T07B0 000:472.529 - 0.617ms returns 0
T07B0 000:472.618 JLINK_CORESIGHT_ReadAPDPReg(DP reg 0x00)
T07B0 000:473.033   Value=0x6BA02477
T07B0 000:473.073 - 0.454ms returns 0
T07B0 000:473.155 JLINK_CORESIGHT_WriteAPDPReg(DP reg 0x00, 0x0000001F)
T07B0 000:473.568 - 0.413ms returns 0
T07B0 000:473.661 JLINK_CORESIGHT_ReadAPDPReg(DP reg 0x00)
T07B0 000:474.082   Value=0x6BA02477
T07B0 000:474.125 - 0.463ms returns 0
T07B0 000:474.212 JLINK_CORESIGHT_WriteAPDPReg(DP reg 0x02, 0x00000000)
T07B0 000:474.598 - 0.386ms returns 0
T07B0 000:474.693 JLINK_CORESIGHT_WriteAPDPReg(DP reg 0x01, 0x50000000)
T07B0 000:475.051 - 0.358ms returns 0
T07B0 000:475.139 JLINK_CORESIGHT_ReadAPDPReg(DP reg 0x01)
T07B0 000:475.523   Value=0xF0000000
T07B0 000:475.548 - 0.410ms returns 0
T07B0 000:475.602 JLINK_CORESIGHT_WriteAPDPReg(DP reg 0x00, 0x0000001F)
T07B0 000:475.947 - 0.344ms returns 0
T07B0 000:476.013 JLINK_CORESIGHT_ReadAPDPReg(DP reg 0x00)
T07B0 000:476.350   Value=0x6BA02477
T07B0 000:476.390 - 0.376ms returns 0
T07B0 000:476.474 JLINK_CORESIGHT_WriteAPDPReg(DP reg 0x01, 0x54000000)
T07B0 000:476.895 - 0.422ms returns 0
T07B0 000:476.974 JLINK_CORESIGHT_WriteAPDPReg(DP reg 0x01, 0x50000F00)
T07B0 000:477.311 - 0.336ms returns 0
T07B0 000:477.397 JLINK_CORESIGHT_WriteAPDPReg(DP reg 0x02, 0x01000000)
T07B0 000:477.764 - 0.367ms returns 0
T07B0 000:477.832 JLINK_CORESIGHT_WriteAPDPReg(AP reg 0x00, 0x80000002)
T07B0 000:478.169 - 0.337ms returns 0
T07B0 000:478.243 JLINK_CORESIGHT_WriteAPDPReg(AP reg 0x01, 0x80011100)
T07B0 000:478.553 - 0.310ms returns 0
T07B0 000:478.618 JLINK_CORESIGHT_WriteAPDPReg(AP reg 0x03, 0x000000A5)
T07B0 000:478.964 - 0.345ms returns 0
T07B0 000:479.043 JLINK_CORESIGHT_WriteAPDPReg(AP reg 0x00, 0x80000002)
T07B0 000:479.347 - 0.303ms returns 0
T07B0 000:479.418 JLINK_CORESIGHT_WriteAPDPReg(AP reg 0x01, 0x80011100)
T07B0 000:480.347 - 0.928ms returns 0
T07B0 000:480.427 JLINK_CORESIGHT_ReadAPDPReg(AP reg 0x03)
T07B0 000:481.625   Value=0x000000A5
T07B0 000:481.655 - 1.227ms returns 0
T07B0 000:481.732 JLINK_ClrTMS()
T07B0 000:481.950 - 0.216ms 
T07B0 000:487.794 JLINK_SetTCK()
T07B0 000:488.131 - 0.336ms returns 0
T07B0 000:493.882 JLINK_SetRESET()
T07B0 000:494.214 - 0.331ms 
T07B0 000:694.332 JLINK_CORESIGHT_WriteAPDPReg(AP reg 0x00, 0x80000002)
T07B0 000:696.231 - 1.900ms returns 0
T07B0 000:696.319 JLINK_CORESIGHT_WriteAPDPReg(AP reg 0x01, 0x80011100)
T07B0 000:696.643 - 0.323ms returns 0
T07B0 000:696.724 JLINK_CORESIGHT_ReadAPDPReg(AP reg 0x03)
T07B0 000:697.143   failed
T07B0 000:697.175 - 0.451ms returns -1
T07B0 000:699.077 JLINK_CORESIGHT_ReadAPDPReg(DP reg 0x01)
T07B0 000:699.515   Value=0xF0000F00
T07B0 000:699.548 - 0.471ms returns 0
T07B0 000:699.602 JLINK_CORESIGHT_WriteAPDPReg(DP reg 0x01, 0xA0000F00)
T07B0 000:699.917 - 0.314ms returns 0
T07B0 000:699.991 JLINK_CORESIGHT_ReadAPDPReg(DP reg 0x01)
T07B0 000:700.328   Value=0x00000F00
T07B0 000:700.361 - 0.370ms returns 0
T07B0 000:700.423 JLINK_ClrRESET()
T07B0 000:700.921 - 0.496ms 
T07B0 000:805.261 JLINK_Close()
T07B0 000:808.026 - 2.764ms
T07B0 000:808.085   
T07B0 000:808.102   Closed
